Removed Pin From Net: NetName=GND Pin=P1-1
Change Component Footprint: Designator=P1 Old Footprint=BIG_Header 2 New Footprint=HANDSON_KF301-2P
Change Component Footprint: Designator=P2 Old Footprint=JP2-D1C New Footprint=JST_B2B-XH-A
Change Component Comment : Designator=P2 Old Comment=JP2 New Comment=BAT OPT2
Change component parameters: Designator = "P1" ("P1"); Footprint = "BIG_Header 2"; UniqueID = "\MEGTUKNY" ("\MEGTUKNY")
Change component parameters (AddParameter): Name = "Check_prices"; Value = "https://www.snapeda.com/parts/KF301-2P/Handson+Technology/view-part/?ref=eda"; VariantName = "[No Variations]"
Change component parameters (AddParameter): Name = "MF"; Value = "Handson Technology"; VariantName = "[No Variations]"
Change component parameters (AddParameter): Name = "MP"; Value = "KF301-2P"; VariantName = "[No Variations]"
Change component parameters (AddParameter): Name = "Package"; Value = "None"; VariantName = "[No Variations]"
Change component parameters (AddParameter): Name = "SnapEDA_Link"; Value = "https://www.snapeda.com/parts/KF301-2P/Handson+Technology/view-part/?ref=snap"; VariantName = "[No Variations]"
Change component parameters (AddParameter): Name = "Value"; Value = ""; VariantName = "[No Variations]"
Change component parameters: Designator = "P2" ("P2"); Footprint = "JP2-D1C"; UniqueID = "\FWWEFAZK" ("\FWWEFAZK")
Change component parameters (AddParameter): Name = "Availability"; Value = "Unavailable"; VariantName = "[No Variations]"
Change component parameters (AddParameter): Name = "MF"; Value = "{'manufacturer': u'JST Sales America Inc.'}"; VariantName = "[No Variations]"
Change component parameters (AddParameter): Name = "MP"; Value = "B2B-XH-A"; VariantName = "[No Variations]"
Change component parameters (AddParameter): Name = "Package"; Value = "None"; VariantName = "[No Variations]"
Change component parameters (AddParameter): Name = "Price"; Value = "None"; VariantName = "[No Variations]"
Change component parameters (AddParameter): Name = "Value"; Value = ""; VariantName = "[No Variations]"
Added Pin To Net: NetName=GND Pin=P1-2
Added Pin To Net: NetName=NetP1_1 Pin=P1-1
Added Pin To Net: NetName=NetP1_1 Pin=P2-1
Added Pin To Net: NetName=NetP1_1 Pin=S1-3
Added Net: Name=NetP1_1
Added Member To Class: ClassName=Sheet2_StepUpDCDCConverter Member=Component C3 22uF
Added Member To Class: ClassName=Sheet2_StepUpDCDCConverter Member=Component C4 22uF
Added Member To Class: ClassName=Sheet2_StepUpDCDCConverter Member=Component D1 40V1A
Added Member To Class: ClassName=Sheet2_StepUpDCDCConverter Member=Component D2 40V1A
Added Member To Class: ClassName=Sheet1_ChargeManagementControllers Member=Component J1 TYPE-C-31-M-12
Added Member To Class: ClassName=Sheet2_StepUpDCDCConverter Member=Component J2 TYPE-C-31-M-12
Added Member To Class: ClassName=Sheet2_StepUpDCDCConverter Member=Component L1 2.2uH
Added Member To Class: ClassName=Sheet2_StepUpDCDCConverter Member=Component LED? LED
Added Member To Class: ClassName=Sheet2_StepUpDCDCConverter Member=Component R5 750k
Added Member To Class: ClassName=Sheet2_StepUpDCDCConverter Member=Component R6 750k
Added Member To Class: ClassName=Sheet2_StepUpDCDCConverter Member=Component R7 100k
Added Member To Class: ClassName=Sheet2_StepUpDCDCConverter Member=Component R8 4.7k
Added Member To Class: ClassName=Sheet2_StepUpDCDCConverter Member=Component R9 75k
Added Member To Class: ClassName=Sheet2_StepUpDCDCConverter Member=Component R10 51k
Added Member To Class: ClassName=Sheet2_StepUpDCDCConverter Member=Component R11 75k
Added Member To Class: ClassName=Sheet2_StepUpDCDCConverter Member=Component R12 51K
Added Member To Class: ClassName=Sheet2_StepUpDCDCConverter Member=Component R13 56k
Added Member To Class: ClassName=Sheet2_StepUpDCDCConverter Member=Component R14 56k
Added Member To Class: ClassName=Sheet2_StepUpDCDCConverter Member=Component  PAM2401
